<?xml version="1.0" encoding="UTF-8"?>
<!-- Generated by org.testng.reporters.JUnitReportReporter -->
<testsuite skipped="0" hostname="mche.local" name="TestCases.testcreate_account" tests="2" failures="0" timestamp="06 Oct 2017 14:14:11 GMT" time="931.192" errors="0">
  <testcase name="createAccount_madatory_validation" time="640.590" classname="TestCases.testcreate_account"/>
  <testcase name="createAccount_uivalidation" time="290.602" classname="TestCases.testcreate_account"/>
</testsuite> <!-- TestCases.testcreate_account -->
